{
      "trace": [
            {
                  "ip": "192.168.1.1",
                  "rtt": 0.002608931981600248,
                  "norm_rtt": -1.2598403084023675,
                  "intercontinental": false
            },
            {
                  "ip": "200.3.60.22",
                  "rtt": 0.017220913446866548,
                  "norm_rtt": -1.0567192064422435,
                  "intercontinental": false
            },
            {
                  "ip": "181.88.169.2",
                  "rtt": 0.0024640529583662,
                  "norm_rtt": -1.2618542711849072,
                  "intercontinental": false
            },
            {
                  "ip": "181.88.108.233",
                  "rtt": 0.022046743906461275,
                  "norm_rtt": -0.9896353545255349,
                  "intercontinental": false
            },
            {
                  "ip": "190.225.252.166",
                  "rtt": 0.0013566860785851134,
                  "norm_rtt": -1.2772477742104862,
                  "intercontinental": false
            },
            {
                  "ip": "195.22.220.213",
                  "rtt": 0.019540010965787447,
                  "norm_rtt": -1.0244814401464168,
                  "intercontinental": false
            },
            {
                  "ip": "195.22.199.177",
                  "rtt": 0.13893987032083366,
                  "norm_rtt": 0.6352955766620859,
                  "intercontinental": false
            },
            {
                  "ip": "4.69.159.9",
                  "rtt": 0.16568583953074917,
                  "norm_rtt": 1.007091198756422,
                  "intercontinental": false
            },
            {
                  "ip": "4.69.159.9",
                  "rtt": 0.13906409434783157,
                  "norm_rtt": 0.6370224144160017,
                  "intercontinental": false
            },
            {
                  "ip": "213.242.110.198",
                  "rtt": 0.15786210206838752,
                  "norm_rtt": 0.8983334523426887,
                  "intercontinental": false
            },
            {
                  "ip": "194.85.40.229",
                  "rtt": 0.1617471346488366,
                  "norm_rtt": 0.9523392763144495,
                  "intercontinental": false
            },
            {
                  "ip": "194.85.40.214",
                  "rtt": 0.15708970534495814,
                  "norm_rtt": 0.8875963682595817,
                  "intercontinental": false
            },
            {
                  "ip": "194.190.255.222",
                  "rtt": 0.1570605485867232,
                  "norm_rtt": 0.8871910602678937,
                  "intercontinental": false
            },
            {
                  "ip": "80.250.174.51",
                  "rtt": 0.16265136706523398,
                  "norm_rtt": 0.9649090078928321,
                  "intercontinental": false
            }
      ],
      "value_table": 1.8498
}
